<?xml version="1.0" encoding="UTF-8"?>
<!-- Generated by org.testng.reporters.JUnitXMLReporter -->
<testsuite ignored="1" hostname="IN-B7KRXM3" failures="0" tests="1" name="Default test" time="41.436" errors="0" timestamp="2022-10-07T17:12:03 IST">
  <testcase classname="Com.Sample.testcases.LoginTest" name="correctemailtest" time="3.646">
    <skipped/>
  </testcase> <!-- correctemailtest -->
  <testcase classname="Com.Sample.testcases.LoginTest" name="Incorrectemailtest" time="0.0">
    <ignored/>
  </testcase> <!-- Incorrectemailtest -->
</testsuite> <!-- Default test -->
