<?xml version="1.0" encoding="UTF-8"?>
<!-- Generated by org.testng.reporters.JUnitXMLReporter -->
<testsuite ignored="20" hostname="IN-B7KRXM3" failures="5" tests="20" name="Test" time="1347.21" errors="0" timestamp="2022-10-07T10:02:09 IST">
  <testcase classname="Com.Sample.testcases.LoginTest" name="correctemailtest" time="7.659"/>
  <testcase classname="Com.Sample.testcases.LoginTest" name="Incorrectemailtest" time="5.954">
    <failure type="java.lang.NullPointerException">
      <![CDATA[java.lang.NullPointerException
at java.base/java.util.concurrent.TimeUnit.convert(TimeUnit.java:189)
at org.openqa.selenium.remote.RemoteWebDriver$RemoteWebDriverOptions$RemoteTimeouts.implicitlyWait(RemoteWebDriver.java:781)
at Com.Sample.testcases.LoginTest.Incorrectemailtest(LoginTest.java:56)
at java.base/java.util.ArrayList.forEach(ArrayList.java:1540)
... Removed 27 stack frames]]>
    </failure>
  </testcase> <!-- Incorrectemailtest -->
  <testcase classname="Com.Sample.testcases.AddaddressTest" name="AddValidAddresstest" time="27.457"/>
  <testcase classname="Com.Sample.testcases.AddaddressTest" name="AddInvalidAddresstest" time="26.383">
    <failure type="java.lang.AssertionError" message="expected [Mange Addresses] but found [Manage Addresses]">
      <![CDATA[java.lang.AssertionError: expected [Mange Addresses] but found [Manage Addresses]
at Com.Sample.testcases.AddaddressTest.AddInvalidAddresstest(AddaddressTest.java:135)
at java.base/java.util.ArrayList.forEach(ArrayList.java:1540)
... Removed 33 stack frames]]>
    </failure>
  </testcase> <!-- AddInvalidAddresstest -->
  <testcase classname="Com.Sample.testcases.DeleteAddressTest" name="EditAddressTest" time="27.75"/>
  <testcase classname="Com.Sample.testcases.DeleteAddressTest" name="DeleteAddressTest1" time="22.859"/>
  <testcase classname="Com.Sample.testcases.SuperCoinZoneTest" name="SuperCoinZoneTest1" time="17.901"/>
  <testcase classname="Com.Sample.testcases.OrdersTest" name="OrderTest" time="7.744"/>
  <testcase classname="Com.Sample.testcases.OrdersTest" name="FilterOrderTest" time="10.686"/>
  <testcase classname="Com.Sample.testcases.WishlistTest" name="Wishlist" time="16.353"/>
  <testcase classname="Com.Sample.testcases.WishlistTest" name="DeleteWishlist" time="18.677"/>
  <testcase classname="Com.Sample.testcases.SearchTest" name="Search" time="6.647"/>
  <testcase classname="Com.Sample.testcases.SearchTest" name="AddToCart" time="17.332"/>
  <testcase classname="Com.Sample.testcases.FilterTest" name="Filter" time="12.087">
    <failure type="java.lang.AssertionError" message="expected [Mobiles- Buy Products Online at Best Price in India - All Categories | Flipkart.com] but found [Moblie Phones- Buy Products Online at Best Price in India - All Categories | Flipkart.com]">
      <![CDATA[java.lang.AssertionError: expected [Mobiles- Buy Products Online at Best Price in India - All Categories | Flipkart.com] but found [Moblie Phones- Buy Products Online at Best Price in India - All Categories | Flipkart.com]
at Com.Sample.testcases.FilterTest.Filter(FilterTest.java:47)
at java.base/java.util.ArrayList.forEach(ArrayList.java:1540)
... Removed 33 stack frames]]>
    </failure>
  </testcase> <!-- Filter -->
  <testcase classname="Com.Sample.testcases.FilterTest" name="FilterFewThings" time="26.751">
    <failure type="java.lang.AssertionError" message="expected [Mobiles- Buy Products Online at Best Price in India - All Categories | Flipkart.com] but found [Moblie Phones- Buy Products Online at Best Price in India - All Categories | Flipkart.com]">
      <![CDATA[java.lang.AssertionError: expected [Mobiles- Buy Products Online at Best Price in India - All Categories | Flipkart.com] but found [Moblie Phones- Buy Products Online at Best Price in India - All Categories | Flipkart.com]
at Com.Sample.testcases.FilterTest.FilterFewThings(FilterTest.java:94)
at java.base/java.util.ArrayList.forEach(ArrayList.java:1540)
... Removed 33 stack frames]]>
    </failure>
  </testcase> <!-- FilterFewThings -->
  <testcase classname="Com.Sample.testcases.FilterTest" name="DeleteFilteredThings" time="31.062">
    <failure type="java.lang.AssertionError" message="expected [Mobiles- Buy Products Online at Best Price in India - All Categories | Flipkart.com] but found [Moblie Phones- Buy Products Online at Best Price in India - All Categories | Flipkart.com]">
      <![CDATA[java.lang.AssertionError: expected [Mobiles- Buy Products Online at Best Price in India - All Categories | Flipkart.com] but found [Moblie Phones- Buy Products Online at Best Price in India - All Categories | Flipkart.com]
at Com.Sample.testcases.FilterTest.DeleteFilteredThings(FilterTest.java:147)
at java.base/java.util.ArrayList.forEach(ArrayList.java:1540)
... Removed 33 stack frames]]>
    </failure>
  </testcase> <!-- DeleteFilteredThings -->
  <testcase classname="Com.Sample.testcases.SellerTest" name="SellerTest1" time="14.572"/>
  <testcase classname="Com.Sample.testcases.FavoritesTest" name="AddToWishlist" time="23.346"/>
  <testcase classname="Com.Sample.testcases.FavoritesTest" name="DeleteFromWishlist" time="23.716"/>
  <testcase classname="Com.Sample.testcases.SignoutTest" name="SignouttTest" time="8.789"/>
  <testcase classname="Com.Sample.base.basepage" name="@BeforeSuite init" time="0.0">
    <ignored/>
  </testcase> <!-- @BeforeSuite init -->
  <testcase classname="Com.Sample.base.basepage" name="@AfterSuite reportFlush" time="0.0">
    <ignored/>
  </testcase> <!-- @AfterSuite reportFlush -->
  <testcase classname="Com.Sample.base.basepage" name="@BeforeSuite init" time="0.0">
    <ignored/>
  </testcase> <!-- @BeforeSuite init -->
  <testcase classname="Com.Sample.base.basepage" name="@AfterSuite reportFlush" time="0.0">
    <ignored/>
  </testcase> <!-- @AfterSuite reportFlush -->
  <testcase classname="Com.Sample.base.basepage" name="@AfterSuite reportFlush" time="0.0">
    <ignored/>
  </testcase> <!-- @AfterSuite reportFlush -->
  <testcase classname="Com.Sample.base.basepage" name="@AfterSuite reportFlush" time="0.0">
    <ignored/>
  </testcase> <!-- @AfterSuite reportFlush -->
  <testcase classname="Com.Sample.base.basepage" name="@AfterSuite reportFlush" time="0.0">
    <ignored/>
  </testcase> <!-- @AfterSuite reportFlush -->
  <testcase classname="Com.Sample.base.basepage" name="@AfterSuite reportFlush" time="0.0">
    <ignored/>
  </testcase> <!-- @AfterSuite reportFlush -->
  <testcase classname="Com.Sample.base.basepage" name="@BeforeSuite init" time="0.0">
    <ignored/>
  </testcase> <!-- @BeforeSuite init -->
  <testcase classname="Com.Sample.base.basepage" name="@AfterSuite reportFlush" time="0.0">
    <ignored/>
  </testcase> <!-- @AfterSuite reportFlush -->
  <testcase classname="Com.Sample.base.basepage" name="@AfterSuite reportFlush" time="0.0">
    <ignored/>
  </testcase> <!-- @AfterSuite reportFlush -->
  <testcase classname="Com.Sample.base.basepage" name="@BeforeSuite init" time="0.0">
    <ignored/>
  </testcase> <!-- @BeforeSuite init -->
  <testcase classname="Com.Sample.base.basepage" name="@BeforeSuite init" time="0.0">
    <ignored/>
  </testcase> <!-- @BeforeSuite init -->
  <testcase classname="Com.Sample.base.basepage" name="@BeforeSuite init" time="0.0">
    <ignored/>
  </testcase> <!-- @BeforeSuite init -->
  <testcase classname="Com.Sample.base.basepage" name="@BeforeSuite init" time="0.0">
    <ignored/>
  </testcase> <!-- @BeforeSuite init -->
  <testcase classname="Com.Sample.base.basepage" name="@AfterSuite reportFlush" time="0.0">
    <ignored/>
  </testcase> <!-- @AfterSuite reportFlush -->
  <testcase classname="Com.Sample.base.basepage" name="@BeforeSuite init" time="0.0">
    <ignored/>
  </testcase> <!-- @BeforeSuite init -->
  <testcase classname="Com.Sample.base.basepage" name="@BeforeSuite init" time="0.0">
    <ignored/>
  </testcase> <!-- @BeforeSuite init -->
  <testcase classname="Com.Sample.base.basepage" name="@AfterSuite reportFlush" time="0.0">
    <ignored/>
  </testcase> <!-- @AfterSuite reportFlush -->
  <testcase classname="Com.Sample.base.basepage" name="@BeforeSuite init" time="0.0">
    <ignored/>
  </testcase> <!-- @BeforeSuite init -->
</testsuite> <!-- Test -->
